# JRE version: OpenJDK Runtime Environment (11.0.11+9) (build 11.0.11+9-b60-7590822)
# Java VM: OpenJDK 64-Bit Server VM (11.0.11+9-b60-7590822, mixed mode, tiered, compressed oops, g1 gc, windows-amd64)
Heap:
 garbage-first heap   total 63488K, used 44753K [0x0000000080000000, 0x0000000100000000)
  region size 1024K, 20 young (20480K), 3 survivors (3072K)
 Metaspace       used 42099K, capacity 43203K, committed 43388K, reserved 1087488K
  class space    used 5426K, capacity 5786K, committed 5888K, reserved 1048576K
GC Heap History (20 events):
Event: 10.791 GC heap before
{Heap before GC invocations=7 (full 0):
 garbage-first heap   total 63488K, used 37947K [0x0000000080000000, 0x0000000100000000)
  region size 1024K, 22 young (22528K), 2 survivors (2048K)
 Metaspace       used 22599K, capacity 23069K, committed 23216K, reserved 1069056K
  class space    used 2868K, capacity 3043K, committed 3072K, reserved 1048576K
}
Event: 10.799 GC heap after
{Heap after GC invocations=8 (full 0):
 garbage-first heap   total 63488K, used 18108K [0x0000000080000000, 0x0000000100000000)
  region size 1024K, 2 young (2048K), 2 survivors (2048K)
 Metaspace       used 22599K, capacity 23069K, committed 23216K, reserved 1069056K
  class space    used 2868K, capacity 3043K, committed 3072K, reserved 1048576K
}
Event: 15.438 GC heap before
{Heap before GC invocations=8 (full 0):
 garbage-first heap   total 63488K, used 39612K [0x0000000080000000, 0x0000000100000000)
  region size 1024K, 23 young (23552K), 2 survivors (2048K)
 Metaspace       used 24961K, capacity 25574K, committed 25648K, reserved 1071104K
  class space    used 3213K, capacity 3430K, committed 3456K, reserved 1048576K
}
Event: 15.453 GC heap after
{Heap after GC invocations=9 (full 0):
 garbage-first heap   total 63488K, used 19157K [0x0000000080000000, 0x0000000100000000)
  region size 1024K, 3 young (3072K), 3 survivors (3072K)
 Metaspace       used 24961K, capacity 25574K, committed 25648K, reserved 1071104K
  class space    used 3213K, capacity 3430K, committed 3456K, reserved 1048576K
}
Event: 15.905 GC heap before
{Heap before GC invocations=9 (full 0):
 garbage-first heap   total 63488K, used 40661K [0x0000000080000000, 0x0000000100000000)
  region size 1024K, 24 young (24576K), 3 survivors (3072K)
 Metaspace       used 26841K, capacity 27498K, committed 27824K, reserved 1073152K
  class space    used 3524K, capacity 3735K, committed 3840K, reserved 1048576K
}
Event: 15.913 GC heap after
{Heap after GC invocations=10 (full 0):
 garbage-first heap   total 63488K, used 19769K [0x0000000080000000, 0x0000000100000000)
  region size 1024K, 2 young (2048K), 2 survivors (2048K)
 Metaspace       used 26841K, capacity 27498K, committed 27824K, reserved 1073152K
  class space    used 3524K, capacity 3735K, committed 3840K, reserved 1048576K
}
Event: 16.564 GC heap before
{Heap before GC invocations=10 (full 0):
 garbage-first heap   total 63488K, used 42297K [0x0000000080000000, 0x0000000100000000)
  region size 1024K, 24 young (24576K), 2 survivors (2048K)
 Metaspace       used 29225K, capacity 29857K, committed 30000K, reserved 1075200K
  class space    used 3882K, capacity 4097K, committed 4224K, reserved 1048576K
}
Event: 16.577 GC heap after
{Heap after GC invocations=11 (full 0):
 garbage-first heap   total 63488K, used 20698K [0x0000000080000000, 0x0000000100000000)
  region size 1024K, 2 young (2048K), 2 survivors (2048K)
 Metaspace       used 29225K, capacity 29857K, committed 30000K, reserved 1075200K
  class space    used 3882K, capacity 4097K, committed 4224K, reserved 1048576K
}
Event: 20.925 GC heap before
{Heap before GC invocations=11 (full 0):
 garbage-first heap   total 63488K, used 43226K [0x0000000080000000, 0x0000000100000000)
  region size 1024K, 25 young (25600K), 2 survivors (2048K)
 Metaspace       used 34824K, capacity 35592K, committed 35708K, reserved 1081344K
  class space    used 4513K, capacity 4818K, committed 4864K, reserved 1048576K
}
Event: 20.963 GC heap after
{Heap after GC invocations=12 (full 0):
 garbage-first heap   total 63488K, used 23049K [0x0000000080000000, 0x0000000100000000)
  region size 1024K, 4 young (4096K), 4 survivors (4096K)
 Metaspace       used 34824K, capacity 35592K, committed 35708K, reserved 1081344K
  class space    used 4513K, capacity 4818K, committed 4864K, reserved 1048576K
}
Event: 21.008 GC heap before
{Heap before GC invocations=12 (full 0):
 garbage-first heap   total 63488K, used 23049K [0x0000000080000000, 0x0000000100000000)
  region size 1024K, 5 young (5120K), 4 survivors (4096K)
 Metaspace       used 34867K, capacity 35611K, committed 35708K, reserved 1081344K
  class space    used 4521K, capacity 4825K, committed 4864K, reserved 1048576K
}
Event: 21.038 GC heap after
{Heap after GC invocations=13 (full 0):
 garbage-first heap   total 63488K, used 23430K [0x0000000080000000, 0x0000000100000000)
  region size 1024K, 1 young (1024K), 1 survivors (1024K)
 Metaspace       used 34867K, capacity 35611K, committed 35708K, reserved 1081344K
  class space    used 4521K, capacity 4825K, committed 4864K, reserved 1048576K
}
Event: 23.305 GC heap before
{Heap before GC invocations=14 (full 0):
 garbage-first heap   total 63488K, used 39814K [0x0000000080000000, 0x0000000100000000)
  region size 1024K, 18 young (18432K), 1 survivors (1024K)
 Metaspace       used 36591K, capacity 37393K, committed 37756K, reserved 1081344K
  class space    used 4703K, capacity 5011K, committed 5120K, reserved 1048576K
}
Event: 23.318 GC heap after
{Heap after GC invocations=15 (full 0):
 garbage-first heap   total 63488K, used 25332K [0x0000000080000000, 0x0000000100000000)
  region size 1024K, 3 young (3072K), 3 survivors (3072K)
 Metaspace       used 36591K, capacity 37393K, committed 37756K, reserved 1081344K
  class space    used 4703K, capacity 5011K, committed 5120K, reserved 1048576K
}
Event: 23.822 GC heap before
{Heap before GC invocations=15 (full 0):
 garbage-first heap   total 63488K, used 42740K [0x0000000080000000, 0x0000000100000000)
  region size 1024K, 20 young (20480K), 3 survivors (3072K)
 Metaspace       used 37711K, capacity 38587K, committed 38652K, reserved 1083392K
  class space    used 4867K, capacity 5194K, committed 5248K, reserved 1048576K
}
Event: 23.836 GC heap after
{Heap after GC invocations=16 (full 0):
 garbage-first heap   total 63488K, used 25400K [0x0000000080000000, 0x0000000100000000)
  region size 1024K, 2 young (2048K), 2 survivors (2048K)
 Metaspace       used 37711K, capacity 38587K, committed 38652K, reserved 1083392K
  class space    used 4867K, capacity 5194K, committed 5248K, reserved 1048576K
}
Event: 24.577 GC heap before
{Heap before GC invocations=16 (full 0):
 garbage-first heap   total 63488K, used 45880K [0x0000000080000000, 0x0000000100000000)
  region size 1024K, 20 young (20480K), 2 survivors (2048K)
 Metaspace       used 39020K, capacity 39996K, committed 40060K, reserved 1083392K
  class space    used 4980K, capacity 5344K, committed 5376K, reserved 1048576K
}
Event: 24.586 GC heap after
{Heap after GC invocations=17 (full 0):
 garbage-first heap   total 63488K, used 26968K [0x0000000080000000, 0x0000000100000000)
  region size 1024K, 3 young (3072K), 3 survivors (3072K)
 Metaspace       used 39020K, capacity 39996K, committed 40060K, reserved 1083392K
  class space    used 4980K, capacity 5344K, committed 5376K, reserved 1048576K
}
Event: 25.910 GC heap before
{Heap before GC invocations=17 (full 0):
 garbage-first heap   total 63488K, used 46424K [0x0000000080000000, 0x0000000100000000)
  region size 1024K, 22 young (22528K), 3 survivors (3072K)
 Metaspace       used 40386K, capacity 41390K, committed 41596K, reserved 1085440K
  class space    used 5153K, capacity 5509K, committed 5632K, reserved 1048576K
}
Event: 25.925 GC heap after
{Heap after GC invocations=18 (full 0):
 garbage-first heap   total 63488K, used 28369K [0x0000000080000000, 0x0000000100000000)
  region size 1024K, 3 young (3072K), 3 survivors (3072K)
 Metaspace       used 40386K, capacity 41390K, committed 41596K, reserved 1085440K
  class space    used 5153K, capacity 5509K, committed 5632K, reserved 1048576K
}

